<?xml version="1.0" encoding="UTF-8"?>
<!-- Generated by org.testng.reporters.JUnitReportReporter -->
<testsuite skipped="0" hostname="Shree-PC" name="com.scp.HibernateCRUDWithTestNG.HibernateCRUDWithTestNG.DemoTestNG" tests="1" failures="0" timestamp="13 Jul 2018 06:23:40 GMT" time="0.020" errors="0">
  <testcase name="m1" time="0.020" classname="com.scp.HibernateCRUDWithTestNG.HibernateCRUDWithTestNG.DemoTestNG"/>
</testsuite> <!-- com.scp.HibernateCRUDWithTestNG.HibernateCRUDWithTestNG.DemoTestNG -->
