<?xml version="1.0" encoding="UTF-8"?>
<!-- Generated by org.testng.reporters.JUnitReportReporter -->
<testsuite skipped="0" hostname="Shree-PC" name="com.scp.HibernateCRUDWithTestNG.HibernateCRUDWithTestNG.AppTest" tests="1" failures="0" timestamp="13 Jul 2018 06:21:45 GMT" time="0.022" errors="0">
  <testcase name="m1" time="0.022" classname="com.scp.HibernateCRUDWithTestNG.HibernateCRUDWithTestNG.AppTest"/>
</testsuite> <!-- com.scp.HibernateCRUDWithTestNG.HibernateCRUDWithTestNG.AppTest -->
